2021-03-21 22:54:42,874 [DEBUG] org.apache.http.impl.conn.BasicClientConnectionManager  - Get connection for route {s}->https://api.zotero.org:443
2021-03-21 22:54:42,896 [DEBUG] org.apache.http.impl.conn.DefaultClientConnectionOperator  - Connecting to api.zotero.org:443
2021-03-21 22:54:44,180 [DEBUG] org.apache.http.client.protocol.RequestAddCookies  - CookieSpec selected: ignoreCookies
2021-03-21 22:54:44,186 [DEBUG] org.apache.http.client.protocol.RequestAuthCache  - Auth cache not set in the context
2021-03-21 22:54:44,186 [DEBUG] org.apache.http.client.protocol.RequestTargetAuthentication  - Target auth state: UNCHALLENGED
2021-03-21 22:54:44,187 [DEBUG] org.apache.http.client.protocol.RequestProxyAuthentication  - Proxy auth state: UNCHALLENGED
2021-03-21 22:54:44,187 [DEBUG] org.apache.http.impl.client.DefaultHttpClient  - Attempt 1 to execute request
2021-03-21 22:54:44,187 [DEBUG] org.apache.http.impl.conn.DefaultClientConnection  - Sending request: GET /itemTypes?format=json HTTP/1.1
2021-03-21 22:54:44,187 [DEBUG] org.apache.http.wire  -  >> "GET /itemTypes?format=json HTTP/1.1[\r][\n]"
2021-03-21 22:54:44,187 [DEBUG] org.apache.http.wire  -  >> "Content-Type: application/json; charset=UTF-8[\r][\n]"
2021-03-21 22:54:44,187 [DEBUG] org.apache.http.wire  -  >> "Accept: */*[\r][\n]"
2021-03-21 22:54:44,187 [DEBUG] org.apache.http.wire  -  >> "Host: api.zotero.org[\r][\n]"
2021-03-21 22:54:44,187 [DEBUG] org.apache.http.wire  -  >> "Connection: Keep-Alive[\r][\n]"
2021-03-21 22:54:44,187 [DEBUG] org.apache.http.wire  -  >> "User-Agent: Apache-HttpClient/4.5.3 (Java/1.8.0_161)[\r][\n]"
2021-03-21 22:54:44,187 [DEBUG] org.apache.http.wire  -  >> "Accept-Encoding: gzip,deflate[\r][\n]"
2021-03-21 22:54:44,187 [DEBUG] org.apache.http.wire  -  >> "[\r][\n]"
2021-03-21 22:54:44,187 [DEBUG] org.apache.http.headers  - >> GET /itemTypes?format=json HTTP/1.1
2021-03-21 22:54:44,187 [DEBUG] org.apache.http.headers  - >> Content-Type: application/json; charset=UTF-8
2021-03-21 22:54:44,187 [DEBUG] org.apache.http.headers  - >> Accept: */*
2021-03-21 22:54:44,187 [DEBUG] org.apache.http.headers  - >> Host: api.zotero.org
2021-03-21 22:54:44,187 [DEBUG] org.apache.http.headers  - >> Connection: Keep-Alive
2021-03-21 22:54:44,187 [DEBUG] org.apache.http.headers  - >> User-Agent: Apache-HttpClient/4.5.3 (Java/1.8.0_161)
2021-03-21 22:54:44,187 [DEBUG] org.apache.http.headers  - >> Accept-Encoding: gzip,deflate
2021-03-21 22:54:44,472 [DEBUG] org.apache.http.wire  -  << "HTTP/1.1 200 OK[\r][\n]"
2021-03-21 22:54:44,472 [DEBUG] org.apache.http.wire  -  << "Date: Sun, 21 Mar 2021 17:23:13 GMT[\r][\n]"
2021-03-21 22:54:44,472 [DEBUG] org.apache.http.wire  -  << "Server: Apache/2.4.46 ()[\r][\n]"
2021-03-21 22:54:44,472 [DEBUG] org.apache.http.wire  -  << "Strict-Transport-Security: max-age=31536000; includeSubDomains; preload[\r][\n]"
2021-03-21 22:54:44,472 [DEBUG] org.apache.http.wire  -  << "Zotero-API-Version: 3[\r][\n]"
2021-03-21 22:54:44,472 [DEBUG] org.apache.http.wire  -  << "Zotero-Schema-Version: 3[\r][\n]"
2021-03-21 22:54:44,472 [DEBUG] org.apache.http.wire  -  << "Vary: Accept-Encoding[\r][\n]"
2021-03-21 22:54:44,472 [DEBUG] org.apache.http.wire  -  << "Content-Encoding: gzip[\r][\n]"
2021-03-21 22:54:44,472 [DEBUG] org.apache.http.wire  -  << "Content-Length: 496[\r][\n]"
2021-03-21 22:54:44,472 [DEBUG] org.apache.http.wire  -  << "Keep-Alive: timeout=5, max=100[\r][\n]"
2021-03-21 22:54:44,472 [DEBUG] org.apache.http.wire  -  << "Connection: Keep-Alive[\r][\n]"
2021-03-21 22:54:44,472 [DEBUG] org.apache.http.wire  -  << "Content-Type: application/json[\r][\n]"
2021-03-21 22:54:44,472 [DEBUG] org.apache.http.wire  -  << "[\r][\n]"
2021-03-21 22:54:44,481 [DEBUG] org.apache.http.impl.conn.DefaultClientConnection  - Receiving response: HTTP/1.1 200 OK
2021-03-21 22:54:44,482 [DEBUG] org.apache.http.headers  - << HTTP/1.1 200 OK
2021-03-21 22:54:44,482 [DEBUG] org.apache.http.headers  - << Date: Sun, 21 Mar 2021 17:23:13 GMT
2021-03-21 22:54:44,482 [DEBUG] org.apache.http.headers  - << Server: Apache/2.4.46 ()
2021-03-21 22:54:44,482 [DEBUG] org.apache.http.headers  - << Strict-Transport-Security: max-age=31536000; includeSubDomains; preload
2021-03-21 22:54:44,482 [DEBUG] org.apache.http.headers  - << Zotero-API-Version: 3
2021-03-21 22:54:44,482 [DEBUG] org.apache.http.headers  - << Zotero-Schema-Version: 3
2021-03-21 22:54:44,482 [DEBUG] org.apache.http.headers  - << Vary: Accept-Encoding
2021-03-21 22:54:44,482 [DEBUG] org.apache.http.headers  - << Content-Encoding: gzip
2021-03-21 22:54:44,482 [DEBUG] org.apache.http.headers  - << Content-Length: 496
2021-03-21 22:54:44,482 [DEBUG] org.apache.http.headers  - << Keep-Alive: timeout=5, max=100
2021-03-21 22:54:44,482 [DEBUG] org.apache.http.headers  - << Connection: Keep-Alive
2021-03-21 22:54:44,482 [DEBUG] org.apache.http.headers  - << Content-Type: application/json
2021-03-21 22:54:44,490 [DEBUG] org.apache.http.impl.client.DefaultHttpClient  - Connection can be kept alive for 5000 MILLISECONDS
2021-03-21 22:54:44,544 [DEBUG] io.restassured.internal.RequestSpecificationImpl$RestAssuredHttpBuilder  - Parsing response as: application/json
2021-03-21 22:54:44,545 [DEBUG] org.apache.http.wire  -  << "[0x1f][0x8b][0x8][0x0][0x0][0x0][0x0][0x0][0x0][0x3][0x95][0x96][0xcb]n[0xdb]0[0x10]E[0xf7][0xf9][\n]"
2021-03-21 22:54:44,546 [DEBUG] org.apache.http.wire  -  << "[0xc2][0xeb][0xf4][0x7][0xba][0xab][0x1b][0x7]m[0x11][0x17]B[0x12][0xa4][0x8b][0xa2][0x8b]15Q[0x98]P[0x1c]bH[0xd9]p[0x8a][0xfc]{D=[0xe2]lH[0x8f][0xb4][0xd0][0xe6][0x1e][0x1c][0xf1]5#[0xfe][0xbd]P[0xfd][0xf3]x[0xa7]ge"[0xb6][0xf7]G[0x8f][0xab][0xaf]j[0x5][0x1c][0xf][0xc4]/[0xab][0xcb]SlI[0x83]5[0xaf]X[0xa7][0xfc][0xdb][0x94][0xf][0xf1][0xdb]eQ[0xd5][0xd5][0x86]nQ[0x13][0xd7][0xc6]5yc[0xc2][0xd4][0x89][0x13][0x98]w[0xc6][0xda][0xac]o[0x9d]B[0x89][0xc4]RSQ[0x88]yQ[0xf][0xa8][0x81][0x90][0xd8][0x88][0xf2][0x8b][0xb6]N[0xa1]Pr[0x87]:[0x1a]rE[0x97][0x9a]![0x81]SC[0xc0][0xac][0xec]{[\n]"
2021-03-21 22:54:44,546 [DEBUG] org.apache.http.wire  -  << "%[0x12]j}[0x17][0x91]+[0xa6][0x86][0xa1][0xcd][0xfb]&N[0xcd][0xa0][0xc8][0xed][0x1e][0x91][0xd1]i[0xac][0xc0]#[0x17][0xdc]3[0xa7]FP[0xe0][0xae][0xcd][0xb0]N[0xc0][0xc7][0x8d][0x8b]|[0xcc][0xba][0xaf]>85[0x82][0x12]7[0xe9][0xae]E[0x97]??W3 [0x90]a[0xb]&[0xa4]7_[0x86]X[0xe2]q[0xfa][0xa8]-y[0xac][\r][0xf4][0xa5]j[0xb4][0xcd]o[0xfe][0xe6][0x13][0xab]fX[0xf0][0x8d]Gc[0xf3]'[0xe0]:[0x85][0x12][0x9]q[0xd7][0x16][0xcb][0xef]:[0x11][0xe2][0xfa]{B[0xe0]R[0x97][0xf9]1[0xe5][0x2][0x95]q![0x82][0x8b][[0xc][0x1][0x9a][0xfc][0xf2][0xfd][0x1c]15s"s_[0x1b]{[0x83][0x87][0x82]t&[0x4][0xba]g[0xea][0xd8][0x81]=[0xb7][0xcf][0xbf]Fl[0xc9][0x16][[0x8c][0xb1]P[0x8a]7c,[0x10][0xb5][0xd0][0xc0][0xab]qxn[0x8c][0xdb][0x89][2[0xc8][0x16]\[0x17]4[0x1b][0x9f]?C[0xdb][0x13]"[0x12][0xfa][0x82][0xc9]K[0x14][0xe][0xf][0xc1][0xa7][0xee]tn[0xc2][0xbf]gp[0xc9][0x8c][0x1d][0xc5][0x82]1[0x85][0x2][0x89][0x87]X[0xea]Z[0xd5][0x18]KDT[0xf7]?[0x97][0x82]i[0xca]%*[0xc6][0xd0][0x15][0x8a][0xbe][0xea]3$[0x90]2[0xf4][0x17][0x8b]5[0x13][0x94][0x87]y[0x9b]0u[0xe2]$f[0xf4][0xc4][0x5][0xe3][0x18][0xb]D}[0x7][0x89]]aO[0xef][0xa6]\[0xa0][0x8a][0xfb][0xf3]S[0xbd]X6[0xcf][0xf8][0x84][0xc1][0x84][0xbc]n[0x8c][0x5][0xa2][0xbd][0xa9]Qp[0x15]|H[0xd8][0xb2][0xab][0xe0][0x1]w[0xbe][0xd4][0xa5][0xff][0xe0][0xae][0xbf].|[0xb4][0xe7][0x8b][0xef][0xbb]*[0x1b]3[0xfe][\n]"
2021-03-21 22:54:44,546 [DEBUG] org.apache.http.wire  -  << "[0x0][0x0]"
2021-03-21 22:54:44,547 [DEBUG] io.restassured.internal.RequestSpecificationImpl$RestAssuredHttpBuilder  - Parsed data to instance of: class org.apache.http.conn.EofSensorInputStream
2021-03-21 22:54:44,582 [DEBUG] org.apache.http.impl.conn.BasicClientConnectionManager  - Releasing connection org.apache.http.impl.conn.ManagedClientConnectionImpl@6a66a204
2021-03-21 22:54:44,582 [DEBUG] org.apache.http.impl.conn.BasicClientConnectionManager  - Connection can be kept alive for 5000 MILLISECONDS
